<?xml version="1.0" encoding="UTF-8"?>
<testsuite xmlns:xsi="http://www.w3.org/2001/XMLSchema-instance" xsi:schemaLocation="https://maven.apache.org/surefire/maven-surefire-plugin/xsd/surefire-test-report.xsd" name="at.fhtw.httpserver.server.RequestTest" time="0.004" tests="5" errors="0" skipped="0" failures="0">
  <properties>
[...]
</properties>
  <testcase name="testGetParamsWithId" classname="at.fhtw.httpserver.server.RequestTest" time="0.001"/>
  <testcase name="getPathname" classname="at.fhtw.httpserver.server.RequestTest" time="0"/>
  <testcase name="testGetServiceRouteWithRoute" classname="at.fhtw.httpserver.server.RequestTest" time="0.001"/>
  <testcase name="testGetServiceRouteWithSlash" classname="at.fhtw.httpserver.server.RequestTest" time="0"/>
  <testcase name="testGetServiceRouteWithSubRoute" classname="at.fhtw.httpserver.server.RequestTest" time="0"/>
</testsuite>